localhost:12048 - - [12/Nov/2020:16:33:47 +0000] "PUT /put1.html HTTP/1.1" 201 55 " PostmanRuntime/7.26.8"
localhost:12048 - - [12/Nov/2020:16:34:05 +0000] "GET /put1.html HTTP/1.1" 200 0 " PostmanRuntime/7.26.8"
 - - [12/Nov/2020:16:34:05 +0000] "" 400  ""
localhost:12048 - - [12/Nov/2020:16:34:38 +0000] "GET /put1.html HTTP/1.1" 200 0 " Mozilla/5.0 (X11; Ubuntu; Linux x86_64; rv:82.0) Gecko/20100101 Firefox/82.0"
 - - [12/Nov/2020:16:34:38 +0000] "" 400  ""
localhost:12048 - - [12/Nov/2020:16:34:38 +0000] "GET /favicon.ico HTTP/1.1" "http://localhost:12048/put1.html" 200  " Mozilla/5.0 (X11; Ubuntu; Linux x86_64; rv:82.0) Gecko/20100101 Firefox/82.0"
localhost:12048 - - [12/Nov/2020:16:35:12 +0000] "GET /del1.html HTTP/1.1" 200 226 " PostmanRuntime/7.26.8"
 - - [12/Nov/2020:16:35:12 +0000] "" 400  ""
localhost:12048 - - [12/Nov/2020:16:35:36 +0000] "POST /del1.html HTTP/1.1" 200 123 " PostmanRuntime/7.26.8"
 - - [12/Nov/2020:16:35:36 +0000] "" 400  ""
localhost:12049 - - [12/Nov/2020:16:37:50 +0000] "POST /del1.html HTTP/1.1" 200 226 " PostmanRuntime/7.26.8"
 - - [12/Nov/2020:16:37:50 +0000] "" 400  ""
 - - [12/Nov/2020:16:37:50 +0000] "" 400  ""
 - - [12/Nov/2020:16:37:50 +0000] "" 400  ""
 - - [12/Nov/2020:16:37:50 +0000] "" 400  ""
 - - [12/Nov/2020:16:37:50 +0000] "" 400  ""
 - - [12/Nov/2020:16:37:50 +0000] "" 400  ""
 - - [12/Nov/2020:16:37:50 +0000] "" 400  ""
 - - [12/Nov/2020:16:37:50 +0000] "" 400  ""
 - - [12/Nov/2020:16:37:50 +0000] "" 400  ""
localhost:12049 - - [12/Nov/2020:16:37:57 +0000] "HEAD /del1.html HTTP/1.1" 200 226 " PostmanRuntime/7.26.8"
 - - [12/Nov/2020:16:37:57 +0000] "" 400  ""
localhost:12049 - - [12/Nov/2020:16:38:13 +0000] "DELETE /del1.html HTTP/1.1" 200 226 " PostmanRuntime/7.26.8"
 - - [12/Nov/2020:16:38:13 +0000] "" 400  ""
localhost:12048 - - [12/Nov/2020:16:42:01 +0000] "GET /del1.html HTTP/1.1" 200 123 " PostmanRuntime/7.26.8"
localhost:12048 - - [12/Nov/2020:16:42:11 +0000] "GET /put1.html HTTP/1.1" 200 0 " PostmanRuntime/7.26.8"
localhost:12048 - - [12/Nov/2020:16:42:24 +0000] "POST /put1.html HTTP/1.1" 200 0 " PostmanRuntime/7.26.8"
localhost:12047 - - [12/Nov/2020:16:49:57 +0000] "GET /put1.html HTTP/1.1" " PostmanRuntime/7.26.8"
localhost:12048 - - [12/Nov/2020:16:52:16 +0000] "GET /put1.html HTTP/1.1" 200 0 " PostmanRuntime/7.26.8"
localhost:12048 - - [12/Nov/2020:16:52:39 +0000] "GET /content-types.html HTTP/1.1" 200 566 " Mozilla/5.0 (X11; Ubuntu; Linux x86_64; rv:82.0) Gecko/20100101 Firefox/82.0"
localhost:12048 - - [12/Nov/2020:16:52:39 +0000] "GET /imgs/i1.png HTTP/1.1" "http://localhost:12048/content-types.html" 200 301794 " Mozilla/5.0 (X11; Ubuntu; Linux x86_64; rv:82.0) Gecko/20100101 Firefox/82.0"
localhost:12048 - - [12/Nov/2020:16:52:39 +0000] "GET /imgs/i2.jpeg HTTP/1.1" "http://localhost:12048/content-types.html" " Mozilla/5.0 (X11; Ubuntu; Linux x86_64; rv:82.0) Gecko/20100101 Firefox/82.0"
localhost:12048 - - [12/Nov/2020:16:52:39 +0000] "GET /video/movie.mp4 HTTP/1.1" "http://localhost:12048/content-types.html" 200 318465 " Mozilla/5.0 (X11; Ubuntu; Linux x86_64; rv:82.0) Gecko/20100101 Firefox/82.0"
localhost:12048 - - [12/Nov/2020:16:52:39 +0000] "GET /audio/horse.ogg HTTP/1.1" "http://localhost:12048/content-types.html" " Mozilla/5.0 (X11; Ubuntu; Linux x86_64; rv:82.0) Gecko/20100101 Firefox/82.0"
localhost:12048 - - [12/Nov/2020:16:52:39 +0000] "GET /favicon.ico HTTP/1.1" "http://localhost:12048/content-types.html" " Mozilla/5.0 (X11; Ubuntu; Linux x86_64; rv:82.0) Gecko/20100101 Firefox/82.0"
localhost:12048 - - [12/Nov/2020:16:52:49 +0000] "GET / HTTP/1.1" 200 1116 " Mozilla/5.0 (X11; Ubuntu; Linux x86_64; rv:82.0) Gecko/20100101 Firefox/82.0"
localhost:12048 - - [12/Nov/2020:16:52:49 +0000] "GET /favicon.ico HTTP/1.1" "http://localhost:12048/" " Mozilla/5.0 (X11; Ubuntu; Linux x86_64; rv:82.0) Gecko/20100101 Firefox/82.0"
localhost:12048 - - [12/Nov/2020:17:31:47 +0000] "POST /put1.html HTTP/1.1" " PostmanRuntime/7.26.8"
localhost:12048 - - [12/Nov/2020:17:33:42 +0000] "POST /put1.html HTTP/1.1" " PostmanRuntime/7.26.8"
localhost:12048 - - [12/Nov/2020:17:34:03 +0000] "GET /put1.html HTTP/1.1" 200 0 " PostmanRuntime/7.26.8"
localhost:12048 - - [12/Nov/2020:17:36:02 +0000] "GET /put1.html HTTP/1.1" 200 0 " PostmanRuntime/7.26.8"
localhost:12048 - - [12/Nov/2020:17:37:31 +0000] "GET /put1.html HTTP/1.1" " PostmanRuntime/7.26.8"
localhost:12048 - - [12/Nov/2020:17:38:32 +0000] "POST /del2.html HTTP/1.1" " PostmanRuntime/7.26.8"
localhost:12048 - - [12/Nov/2020:17:40:35 +0000] "POST /del2.html HTTP/1.1" " PostmanRuntime/7.26.8"
localhost:12048 - - [12/Nov/2020:17:41:51 +0000] "POST /del2.html HTTP/1.1" 200 226 " PostmanRuntime/7.26.8"
localhost:12048 - - [12/Nov/2020:17:41:56 +0000] "GET /del2.html HTTP/1.1" 200 226 " PostmanRuntime/7.26.8"
localhost:12048 - - [12/Nov/2020:17:42:02 +0000] "GET /g.html HTTP/1.1" " PostmanRuntime/7.26.8"
localhost:12049 - - [12/Nov/2020:17:43:39 +0000] "GET /g.html HTTP/1.1" 200 123 " PostmanRuntime/7.26.8"
localhost:12049 - - [12/Nov/2020:17:43:45 +0000] "POST /g.html HTTP/1.1" 200 123 " PostmanRuntime/7.26.8"
localhost:12049 - - [12/Nov/2020:17:50:48 +0000] "PUT /g.html HTTP/1.1" " PostmanRuntime/7.26.8"
localhost:12049 - - [12/Nov/2020:17:51:13 +0000] "GET /g.html HTTP/1.1" 200 75 " PostmanRuntime/7.26.8"
localhost:12049 - - [12/Nov/2020:17:51:19 +0000] "POST /g.html HTTP/1.1" 200 75 " PostmanRuntime/7.26.8"
localhost:12049 - - [12/Nov/2020:17:54:40 +0000] "HEAD /g.html HTTP/1.1" 200 75 " PostmanRuntime/7.26.8"
localhost:12049 - - [12/Nov/2020:17:54:49 +0000] "GET /g.html HTTP/1.1" 200 75 " PostmanRuntime/7.26.8"
localhost:12049 - - [12/Nov/2020:18:00:00 +0000] "PUT /g1.html HTTP/1.1" " PostmanRuntime/7.26.8"
localhost:12049 - - [12/Nov/2020:18:00:11 +0000] "DELETE /g1.html HTTP/1.1" 200 75 " PostmanRuntime/7.26.8"
localhost:12048 - - [12/Nov/2020:18:07:10 +0000] "DELETE /g1.html HTTP/1.1" " PostmanRuntime/7.26.8"
localhost:12048 - - [12/Nov/2020:18:37:30 +0000] "DELETE /g1.html HTTP/1.1" " PostmanRuntime/7.26.8"
localhost:12048 - - [12/Nov/2020:18:39:52 +0000] "DELETE /g1.html HTTP/1.1"123 " PostmanRuntime/7.26.8"
localhost:12048 - - [12/Nov/2020:18:41:48 +0000] "DELETE /g1.html HTTP/1.1"123 " PostmanRuntime/7.26.8"
localhost:12048 - - [12/Nov/2020:18:43:16 +0000] "PUT /g1.html HTTP/1.1" " PostmanRuntime/7.26.8"
localhost:12048 - - [12/Nov/2020:18:43:24 +0000] "DELETE /g1.html HTTP/1.1" 200 75 " PostmanRuntime/7.26.8"
localhost:12048 - - [12/Nov/2020:18:43:29 +0000] "DELETE /g1.html HTTP/1.1"123 " PostmanRuntime/7.26.8"
localhost:12049 - - [12/Nov/2020:18:46:12 +0000] "DELETE /g1.html HTTP/1.1"123 " PostmanRuntime/7.26.8"
localhost:12049 - - [12/Nov/2020:18:49:40 +0000] "DELETE /g1.html HTTP/1.1"123 " PostmanRuntime/7.26.8"
localhost:12049 - - [12/Nov/2020:18:51:10 +0000] "DELETE /g1.html HTTP/1.1"123 " PostmanRuntime/7.26.8"
localhost:12049 - - [12/Nov/2020:18:51:28 +0000] "PUT /g1.html HTTP/1.1" " PostmanRuntime/7.26.8"
localhost:12049 - - [12/Nov/2020:18:56:14 +0000] "PUT /g1.html HTTP/1.1" " PostmanRuntime/7.26.8"
localhost:12049 - - [12/Nov/2020:18:56:21 +0000] "DELETE /g1.html HTTP/1.1" 200 75 " PostmanRuntime/7.26.8"
localhost:12049 - - [12/Nov/2020:18:56:23 +0000] "DELETE /g1.html HTTP/1.1" " PostmanRuntime/7.26.8"
localhost:12048 - - [12/Nov/2020:18:57:24 +0000] "DELETE /g1.html HTTP/1.1"123 " PostmanRuntime/7.26.8"
localhost:12048 - - [12/Nov/2020:19:16:25 +0000] "DELETE /g1.html HTTP/1.1"123 " PostmanRuntime/7.26.8"
localhost:12048 - - [12/Nov/2020:19:19:38 +0000] "DELETE /g1.html HTTP/1.1" 200 123 " PostmanRuntime/7.26.8"
localhost:12048 - - [12/Nov/2020:19:19:56 +0000] "PUT /g1.html HTTP/1.1" " PostmanRuntime/7.26.8"
localhost:12049 - - [12/Nov/2020:19:20:41 +0000] "PUT /g2.html HTTP/1.1" " PostmanRuntime/7.26.8"
localhost:12048 - - [12/Nov/2020:19:23:27 +0000] "PUT /g2.html HTTP/1.1" " PostmanRuntime/7.26.8"
localhost:12049 - - [12/Nov/2020:19:25:17 +0000] "PUT /g2.html HTTP/1.1" " PostmanRuntime/7.26.8"
localhost:12049 - - [12/Nov/2020:19:25:34 +0000] "GET /g2.html HTTP/1.1" 200 75 " PostmanRuntime/7.26.8"
localhost:12049 - - [12/Nov/2020:19:25:40 +0000] "POST /g2.html HTTP/1.1" " PostmanRuntime/7.26.8"
localhost:12049 - - [12/Nov/2020:19:46:31 +0000] "POST /g1.html HTTP/1.1" 200 123 " PostmanRuntime/7.26.8"
localhost:12049 - - [12/Nov/2020:19:46:45 +0000] "POST /g2.html HTTP/1.1" " PostmanRuntime/7.26.8"
localhost:12049 - - [12/Nov/2020:19:49:00 +0000] "POST /g2.html HTTP/1.1" 200 75 " PostmanRuntime/7.26.8"
localhost:12049 - - [12/Nov/2020:19:49:30 +0000] "PUT /g1.html HTTP/1.1" " PostmanRuntime/7.26.8"
localhost:12049 - - [12/Nov/2020:19:50:15 +0000] "PUT /g2.html HTTP/1.1" " PostmanRuntime/7.26.8"
localhost:12042 - - [12/Nov/2020:19:50:39 +0000] "PUT /g2.html HTTP/1.1" " PostmanRuntime/7.26.8"
localhost:12042 - - [12/Nov/2020:19:50:45 +0000] "PUT /g1.html HTTP/1.1" " PostmanRuntime/7.26.8"
localhost:12042 - - [12/Nov/2020:19:52:09 +0000] "PUT /g1.html HTTP/1.1" " PostmanRuntime/7.26.8"
localhost:12042 - - [12/Nov/2020:19:52:27 +0000] "PUT /g3.html HTTP/1.1" " PostmanRuntime/7.26.8"
localhost:12042 - - [12/Nov/2020:19:52:32 +0000] "POST /g3.html HTTP/1.1" 200 78 " PostmanRuntime/7.26.8"
localhost:12042 - - [12/Nov/2020:19:52:39 +0000] "GET /g3.html HTTP/1.1" 200 78 " PostmanRuntime/7.26.8"
localhost:12042 - - [12/Nov/2020:19:52:44 +0000] "HEAD /g3.html HTTP/1.1" 200 78 " PostmanRuntime/7.26.8"
localhost:12042 - - [12/Nov/2020:19:54:01 +0000] "HEAD /g4.html HTTP/1.1" 200 123 " PostmanRuntime/7.26.8"
localhost:12042 - - [12/Nov/2020:19:54:14 +0000] "GET /g4.html HTTP/1.1" 200 123 " PostmanRuntime/7.26.8"
localhost:12042 - - [12/Nov/2020:19:56:12 +0000] "GET /g4.html HTTP/1.1" 200 123 " PostmanRuntime/7.26.8"
localhost:12042 - - [12/Nov/2020:19:56:17 +0000] "HEAD /g4.html HTTP/1.1" 200 123 " PostmanRuntime/7.26.8"
localhost:12042 - - [12/Nov/2020:19:56:46 +0000] "HEAD /del2.html HTTP/1.1" " PostmanRuntime/7.26.8"
localhost:12042 - - [12/Nov/2020:20:00:42 +0000] "HEAD /del2.html HTTP/1.1" " PostmanRuntime/7.26.8"
localhost:12045 - - [12/Nov/2020:20:01:45 +0000] "HEAD /del2.html HTTP/1.1" 200 226 " PostmanRuntime/7.26.8"
localhost:12045 - - [12/Nov/2020:20:02:37 +0000] "HEAD /del2.html HTTP/1.1" 200 226 " PostmanRuntime/7.26.8"
localhost:12045 - - [12/Nov/2020:20:04:40 +0000] "HEAD /del2.html HTTP/1.1" 200 226 " PostmanRuntime/7.26.8"
localhost:12045 - - [12/Nov/2020:20:07:27 +0000] "HEAD /del2.html HTTP/1.1" 200 226 " PostmanRuntime/7.26.8"
localhost:12046 - - [12/Nov/2020:20:08:34 +0000] "HEAD /del2.html HTTP/1.1" 200 226 " PostmanRuntime/7.26.8"
localhost:12046 - - [12/Nov/2020:20:08:56 +0000] "GET /del2.html HTTP/1.1" 200 226 " PostmanRuntime/7.26.8"
localhost:12046 - - [12/Nov/2020:20:10:35 +0000] "HEAD /del2.html HTTP/1.1" 200 226 " PostmanRuntime/7.26.8"
localhost:12046 - - [12/Nov/2020:20:13:03 +0000] "HEAD /del2.html HTTP/1.1" 200 226 " PostmanRuntime/7.26.8"
localhost:12046 - - [12/Nov/2020:20:13:23 +0000] "HEAD /sonu.html HTTP/1.1" 200 123 " PostmanRuntime/7.26.8"
localhost:12046 - - [12/Nov/2020:20:13:29 +0000] "GET /sonu.html HTTP/1.1" 200 123 " PostmanRuntime/7.26.8"
localhost:12046 - - [12/Nov/2020:20:13:33 +0000] "POST /sonu.html HTTP/1.1" " PostmanRuntime/7.26.8"
localhost:12046 - - [12/Nov/2020:20:15:24 +0000] "POST /sonu.html HTTP/1.1" 200 123 " PostmanRuntime/7.26.8"
localhost:12046 - - [12/Nov/2020:20:16:02 +0000] "POST /del1.html HTTP/1.1" " PostmanRuntime/7.26.8"
localhost:12046 - - [12/Nov/2020:20:16:17 +0000] "POST /del1.html HTTP/1.1" " PostmanRuntime/7.26.8"
localhost:12049 - - [12/Nov/2020:20:17:09 +0000] "POST /del1.html HTTP/1.1" 200 123 " PostmanRuntime/7.26.8"
localhost:12049 - - [12/Nov/2020:20:17:39 +0000] "DELETE /del1.html HTTP/1.1" 200 123 " PostmanRuntime/7.26.8"
localhost:12049 - - [12/Nov/2020:20:18:10 +0000] "GET /sample.xml HTTP/1.1" 200 164 " PostmanRuntime/7.26.8"
localhost:12049 - - [12/Nov/2020:20:20:36 +0000] "GET /sample.xml HTTP/1.1" 200 164 " PostmanRuntime/7.26.8"
localhost:12049 - - [12/Nov/2020:20:20:41 +0000] "POST /sample.xml HTTP/1.1" " PostmanRuntime/7.26.8"
localhost:12048 - - [12/Nov/2020:20:21:11 +0000] "POST /sample.xml HTTP/1.1" 200 164 " PostmanRuntime/7.26.8"
localhost:12048 - - [12/Nov/2020:20:25:56 +0000] "POST /sample.xml HTTP/1.1" 200 164 " PostmanRuntime/7.26.8"
localhost:12048 - - [12/Nov/2020:20:26:04 +0000] "GET /sample.xml HTTP/1.1" 200 164 " PostmanRuntime/7.26.8"
localhost:12048 - - [12/Nov/2020:20:26:10 +0000] "HEAD /sample.xml HTTP/1.1" 200 164 " PostmanRuntime/7.26.8"
localhost:12048 - - [12/Nov/2020:20:26:22 +0000] "PUT /r1.xml HTTP/1.1" " PostmanRuntime/7.26.8"
localhost:12047 - - [12/Nov/2020:20:26:52 +0000] "PUT /r1.html HTTP/1.1" " PostmanRuntime/7.26.8"
localhost:12047 - - [12/Nov/2020:20:26:58 +0000] "DELETE /r1.html HTTP/1.1" 200 78 " PostmanRuntime/7.26.8"
localhost:12047 - - [12/Nov/2020:20:35:01 +0000] "GET / HTTP/1.1" 200 1116 " Mozilla/5.0 (X11; Ubuntu; Linux x86_64; rv:82.0) Gecko/20100101 Firefox/82.0"
localhost:12047 - - [12/Nov/2020:20:35:01 +0000] "GET /favicon.ico HTTP/1.1" "http://localhost:12047/" " Mozilla/5.0 (X11; Ubuntu; Linux x86_64; rv:82.0) Gecko/20100101 Firefox/82.0"
localhost:12047 - - [12/Nov/2020:20:35:13 +0000] "GET /content-types.html HTTP/1.1" 200 566 " Mozilla/5.0 (X11; Ubuntu; Linux x86_64; rv:82.0) Gecko/20100101 Firefox/82.0"
localhost:12047 - - [12/Nov/2020:20:35:13 +0000] "GET /imgs/i1.png HTTP/1.1" "http://localhost:12047/content-types.html" 200 301794 " Mozilla/5.0 (X11; Ubuntu; Linux x86_64; rv:82.0) Gecko/20100101 Firefox/82.0"
localhost:12047 - - [12/Nov/2020:20:35:13 +0000] "GET /imgs/i2.jpeg HTTP/1.1" "http://localhost:12047/content-types.html" 200 4534 " Mozilla/5.0 (X11; Ubuntu; Linux x86_64; rv:82.0) Gecko/20100101 Firefox/82.0"
localhost:12047 - - [12/Nov/2020:20:35:13 +0000] "GET /video/movie.mp4 HTTP/1.1" "http://localhost:12047/content-types.html" 200 318465 " Mozilla/5.0 (X11; Ubuntu; Linux x86_64; rv:82.0) Gecko/20100101 Firefox/82.0"
localhost:12047 - - [12/Nov/2020:20:35:13 +0000] "GET /audio/horse.ogg HTTP/1.1" "http://localhost:12047/content-types.html" 200 13889 " Mozilla/5.0 (X11; Ubuntu; Linux x86_64; rv:82.0) Gecko/20100101 Firefox/82.0"
localhost:12047 - - [12/Nov/2020:20:35:13 +0000] "GET /favicon.ico HTTP/1.1" "http://localhost:12047/content-types.html" " Mozilla/5.0 (X11; Ubuntu; Linux x86_64; rv:82.0) Gecko/20100101 Firefox/82.0"
localhost:12048 - - [07/Dec/2020:18:26:41 +0000] "GET / HTTP/1.1" 200 1116 " Mozilla/5.0 (X11; Linux x86_64) AppleWebKit/537.36 (KHTML, like Gecko) Chrome/86.0.4240.183 Safari/537.36"
localhost:12048 - - [07/Dec/2020:18:26:41 +0000] "GET /favicon.ico HTTP/1.1" "http://localhost:12048/" " Mozilla/5.0 (X11; Linux x86_64) AppleWebKit/537.36 (KHTML, like Gecko) Chrome/86.0.4240.183 Safari/537.36"
localhost:12048 - - [07/Dec/2020:18:27:14 +0000] "GET /form1.html HTTP/1.1" 200 123 " Mozilla/5.0 (X11; Linux x86_64) AppleWebKit/537.36 (KHTML, like Gecko) Chrome/86.0.4240.183 Safari/537.36"
localhost:12048 - - [07/Dec/2020:18:27:14 +0000] "GET /favicon.ico HTTP/1.1" "http://localhost:12048/form1.html" " Mozilla/5.0 (X11; Linux x86_64) AppleWebKit/537.36 (KHTML, like Gecko) Chrome/86.0.4240.183 Safari/537.36"
localhost:12049 - - [09/Dec/2020:15:58:54 +0000] "GET / HTTP/1.1" 200 1116 " Mozilla/5.0 (X11; Ubuntu; Linux x86_64; rv:82.0) Gecko/20100101 Firefox/82.0"
localhost:12049 - - [09/Dec/2020:15:58:54 +0000] "GET /favicon.ico HTTP/1.1" "http://localhost:12049/" " Mozilla/5.0 (X11; Ubuntu; Linux x86_64; rv:82.0) Gecko/20100101 Firefox/82.0"
localhost:12049 - - [09/Dec/2020:15:59:00 +0000] "GET /arp.txt HTTP/1.1" 200 4096 " Mozilla/5.0 (X11; Ubuntu; Linux x86_64; rv:82.0) Gecko/20100101 Firefox/82.0"
localhost:12049 - - [09/Dec/2020:15:59:00 +0000] "GET /favicon.ico HTTP/1.1" "http://localhost:12049/arp.txt" " Mozilla/5.0 (X11; Ubuntu; Linux x86_64; rv:82.0) Gecko/20100101 Firefox/82.0"
localhost:12049 - - [09/Dec/2020:15:59:06 +0000] "GET /favicon.ico HTTP/1.1" "http://localhost:12049/" " Mozilla/5.0 (X11; Ubuntu; Linux x86_64; rv:82.0) Gecko/20100101 Firefox/82.0"
 - - [09/Dec/2020:17:36:04 +0000] "GET /form1.html HTTP/1.0" 200 123 ""
